# JRE version: OpenJDK Runtime Environment (8.0_242-b01) (build 1.8.0_242-release-1644-b01)
# Java VM: OpenJDK 64-Bit Server VM (25.242-b01 mixed mode windows-amd64 compressed oops)
Heap:
 PSYoungGen      total 570880K, used 113474K [0x00000000d5580000, 0x00000000ff080000, 0x0000000100000000)
  eden space 457728K, 16% used [0x00000000d5580000,0x00000000d9e155e0,0x00000000f1480000)
  from space 113152K, 34% used [0x00000000f1480000,0x00000000f3abb338,0x00000000f8300000)
  to   space 105984K, 0% used [0x00000000f8900000,0x00000000f8900000,0x00000000ff080000)
 ParOldGen       total 370688K, used 199754K [0x0000000080000000, 0x0000000096a00000, 0x00000000d5580000)
  object space 370688K, 53% used [0x0000000080000000,0x000000008c3129a0,0x0000000096a00000)
 Metaspace       used 157388K, capacity 165206K, committed 165552K, reserved 1193984K
  class space    used 19351K, capacity 20818K, committed 20912K, reserved 1048576K
GC Heap History (10 events):
Event: 2056.343 GC heap before
{Heap before GC invocations=24 (full 5):
 PSYoungGen      total 531968K, used 82426K [0x00000000d5580000, 0x0000000100000000, 0x0000000100000000)
  eden space 449536K, 0% used [0x00000000d5580000,0x00000000d5580000,0x00000000f0c80000)
  from space 82432K, 99% used [0x00000000f0c80000,0x00000000f5cfe980,0x00000000f5d00000)
  to   space 122880K, 0% used [0x00000000f8800000,0x00000000f8800000,0x0000000100000000)
 ParOldGen       total 218112K, used 216034K [0x0000000080000000, 0x000000008d500000, 0x00000000d5580000)
  object space 218112K, 99% used [0x0000000080000000,0x000000008d2f8860,0x000000008d500000)
 Metaspace       used 143605K, capacity 149602K, committed 149936K, reserved 1179648K
  class space    used 17778K, capacity 19000K, committed 19120K, reserved 1048576K
Event: 2061.112 GC heap after
Heap after GC invocations=24 (full 5):
 PSYoungGen      total 531968K, used 0K [0x00000000d5580000, 0x0000000100000000, 0x0000000100000000)
  eden space 449536K, 0% used [0x00000000d5580000,0x00000000d5580000,0x00000000f0c80000)
  from space 82432K, 0% used [0x00000000f0c80000,0x00000000f0c80000,0x00000000f5d00000)
  to   space 122880K, 0% used [0x00000000f8800000,0x00000000f8800000,0x0000000100000000)
 ParOldGen       total 370688K, used 191870K [0x0000000080000000, 0x0000000096a00000, 0x00000000d5580000)
  object space 370688K, 51% used [0x0000000080000000,0x000000008bb5f860,0x0000000096a00000)
 Metaspace       used 143447K, capacity 149330K, committed 149936K, reserved 1179648K
  class space    used 17746K, capacity 18938K, committed 19120K, reserved 1048576K
}
Event: 2211.608 GC heap before
{Heap before GC invocations=25 (full 5):
 PSYoungGen      total 531968K, used 449536K [0x00000000d5580000, 0x0000000100000000, 0x0000000100000000)
  eden space 449536K, 100% used [0x00000000d5580000,0x00000000f0c80000,0x00000000f0c80000)
  from space 82432K, 0% used [0x00000000f0c80000,0x00000000f0c80000,0x00000000f5d00000)
  to   space 122880K, 0% used [0x00000000f8800000,0x00000000f8800000,0x0000000100000000)
 ParOldGen       total 370688K, used 191870K [0x0000000080000000, 0x0000000096a00000, 0x00000000d5580000)
  object space 370688K, 51% used [0x0000000080000000,0x000000008bb5f860,0x0000000096a00000)
 Metaspace       used 144010K, capacity 150036K, committed 150448K, reserved 1181696K
  class space    used 17799K, capacity 18995K, committed 19120K, reserved 1048576K
Event: 2211.875 GC heap after
Heap after GC invocations=25 (full 5):
 PSYoungGen      total 579072K, used 18197K [0x00000000d5580000, 0x0000000100000000, 0x0000000100000000)
  eden space 456192K, 0% used [0x00000000d5580000,0x00000000d5580000,0x00000000f1300000)
  from space 122880K, 14% used [0x00000000f8800000,0x00000000f99c55e8,0x0000000100000000)
  to   space 119808K, 0% used [0x00000000f1300000,0x00000000f1300000,0x00000000f8800000)
 ParOldGen       total 370688K, used 191878K [0x0000000080000000, 0x0000000096a00000, 0x00000000d5580000)
  object space 370688K, 51% used [0x0000000080000000,0x000000008bb61860,0x0000000096a00000)
 Metaspace       used 144010K, capacity 150036K, committed 150448K, reserved 1181696K
  class space    used 17799K, capacity 18995K, committed 19120K, reserved 1048576K
}
Event: 2421.785 GC heap before
{Heap before GC invocations=26 (full 5):
 PSYoungGen      total 579072K, used 474389K [0x00000000d5580000, 0x0000000100000000, 0x0000000100000000)
  eden space 456192K, 100% used [0x00000000d5580000,0x00000000f1300000,0x00000000f1300000)
  from space 122880K, 14% used [0x00000000f8800000,0x00000000f99c55e8,0x0000000100000000)
  to   space 119808K, 0% used [0x00000000f1300000,0x00000000f1300000,0x00000000f8800000)
 ParOldGen       total 370688K, used 191878K [0x0000000080000000, 0x0000000096a00000, 0x00000000d5580000)
  object space 370688K, 51% used [0x0000000080000000,0x000000008bb61860,0x0000000096a00000)
 Metaspace       used 150925K, capacity 158514K, committed 158640K, reserved 1187840K
  class space    used 18666K, capacity 20078K, committed 20144K, reserved 1048576K
Event: 2421.933 GC heap after
Heap after GC invocations=26 (full 5):
 PSYoungGen      total 481792K, used 25595K [0x00000000d5580000, 0x00000000ff300000, 0x0000000100000000)
  eden space 456192K, 0% used [0x00000000d5580000,0x00000000d5580000,0x00000000f1300000)
  from space 25600K, 99% used [0x00000000f1300000,0x00000000f2bfed78,0x00000000f2c00000)
  to   space 114688K, 0% used [0x00000000f8300000,0x00000000f8300000,0x00000000ff300000)
 ParOldGen       total 370688K, used 191886K [0x0000000080000000, 0x0000000096a00000, 0x00000000d5580000)
  object space 370688K, 51% used [0x0000000080000000,0x000000008bb63860,0x0000000096a00000)
 Metaspace       used 150925K, capacity 158514K, committed 158640K, reserved 1187840K
  class space    used 18666K, capacity 20078K, committed 20144K, reserved 1048576K
}
Event: 2828.692 GC heap before
{Heap before GC invocations=27 (full 5):
 PSYoungGen      total 481792K, used 481787K [0x00000000d5580000, 0x00000000ff300000, 0x0000000100000000)
  eden space 456192K, 100% used [0x00000000d5580000,0x00000000f1300000,0x00000000f1300000)
  from space 25600K, 99% used [0x00000000f1300000,0x00000000f2bfed78,0x00000000f2c00000)
  to   space 114688K, 0% used [0x00000000f8300000,0x00000000f8300000,0x00000000ff300000)
 ParOldGen       total 370688K, used 191886K [0x0000000080000000, 0x0000000096a00000, 0x00000000d5580000)
  object space 370688K, 51% used [0x0000000080000000,0x000000008bb63860,0x0000000096a00000)
 Metaspace       used 151458K, capacity 159262K, committed 159408K, reserved 1187840K
  class space    used 18700K, capacity 20138K, committed 20144K, reserved 1048576K
Event: 2828.912 GC heap after
Heap after GC invocations=27 (full 5):
 PSYoungGen      total 572416K, used 8327K [0x00000000d5580000, 0x0000000100000000, 0x0000000100000000)
  eden space 457728K, 0% used [0x00000000d5580000,0x00000000d5580000,0x00000000f1480000)
  from space 114688K, 7% used [0x00000000f8300000,0x00000000f8b21cd8,0x00000000ff300000)
  to   space 113152K, 0% used [0x00000000f1480000,0x00000000f1480000,0x00000000f8300000)
 ParOldGen       total 370688K, used 199562K [0x0000000080000000, 0x0000000096a00000, 0x00000000d5580000)
  object space 370688K, 53% used [0x0000000080000000,0x000000008c2e2990,0x0000000096a00000)
 Metaspace       used 151458K, capacity 159262K, committed 159408K, reserved 1187840K
  class space    used 18700K, capacity 20138K, committed 20144K, reserved 1048576K
}
Event: 2974.074 GC heap before
{Heap before GC invocations=28 (full 5):
 PSYoungGen      total 572416K, used 466055K [0x00000000d5580000, 0x0000000100000000, 0x0000000100000000)
  eden space 457728K, 100% used [0x00000000d5580000,0x00000000f1480000,0x00000000f1480000)
  from space 114688K, 7% used [0x00000000f8300000,0x00000000f8b21cd8,0x00000000ff300000)
  to   space 113152K, 0% used [0x00000000f1480000,0x00000000f1480000,0x00000000f8300000)
 ParOldGen       total 370688K, used 199562K [0x0000000080000000, 0x0000000096a00000, 0x00000000d5580000)
  object space 370688K, 53% used [0x0000000080000000,0x000000008c2e2990,0x0000000096a00000)
 Metaspace       used 157330K, capacity 165134K, committed 165296K, reserved 1193984K
  class space    used 19350K, capacity 20818K, committed 20912K, reserved 1048576K
Event: 2974.303 GC heap after
Heap after GC invocations=28 (full 5):
 PSYoungGen      total 570880K, used 39148K [0x00000000d5580000, 0x00000000ff080000, 0x0000000100000000)
  eden space 457728K, 0% used [0x00000000d5580000,0x00000000d5580000,0x00000000f1480000)
  from space 113152K, 34% used [0x00000000f1480000,0x00000000f3abb338,0x00000000f8300000)
  to   space 105984K, 0% used [0x00000000f8900000,0x00000000f8900000,0x00000000ff080000)
 ParOldGen       total 370688K, used 199754K [0x0000000080000000, 0x0000000096a00000, 0x00000000d5580000)
  object space 370688K, 53% used [0x0000000080000000,0x000000008c3129a0,0x0000000096a00000)
 Metaspace       used 157330K, capacity 165134K, committed 165296K, reserved 1193984K
  class space    used 19350K, capacity 20818K, committed 20912K, reserved 1048576K
}

