# JRE version: OpenJDK Runtime Environment (8.0_242-b01) (build 1.8.0_242-release-1644-b01)
# Java VM: OpenJDK 64-Bit Server VM (25.242-b01 mixed mode windows-amd64 compressed oops)
Heap:
 PSYoungGen      total 121856K, used 25279K [0x00000000d5580000, 0x00000000df500000, 0x0000000100000000)
  eden space 109056K, 11% used [0x00000000d5580000,0x00000000d61b1900,0x00000000dc000000)
  from space 12800K, 99% used [0x00000000dc000000,0x00000000dcc7e3e0,0x00000000dcc80000)
  to   space 18432K, 0% used [0x00000000de300000,0x00000000de300000,0x00000000df500000)
 ParOldGen       total 88576K, used 36288K [0x0000000080000000, 0x0000000085680000, 0x00000000d5580000)
  object space 88576K, 40% used [0x0000000080000000,0x0000000082370258,0x0000000085680000)
 Metaspace       used 63902K, capacity 66986K, committed 67112K, reserved 1107968K
  class space    used 8834K, capacity 9452K, committed 9520K, reserved 1048576K
GC Heap History (10 events):
Event: 12.907 GC heap before
{Heap before GC invocations=14 (full 2):
 PSYoungGen      total 87552K, used 76288K [0x00000000d5580000, 0x00000000dda80000, 0x0000000100000000)
  eden space 76288K, 100% used [0x00000000d5580000,0x00000000da000000,0x00000000da000000)
  from space 11264K, 0% used [0x00000000da000000,0x00000000da000000,0x00000000dab00000)
  to   space 11776K, 0% used [0x00000000dcf00000,0x00000000dcf00000,0x00000000dda80000)
 ParOldGen       total 88576K, used 15240K [0x0000000080000000, 0x0000000085680000, 0x00000000d5580000)
  object space 88576K, 17% used [0x0000000080000000,0x0000000080ee2188,0x0000000085680000)
 Metaspace       used 40860K, capacity 42276K, committed 42536K, reserved 1085440K
  class space    used 5577K, capacity 5906K, committed 5936K, reserved 1048576K
Event: 12.915 GC heap after
Heap after GC invocations=14 (full 2):
 PSYoungGen      total 103936K, used 10204K [0x00000000d5580000, 0x00000000dd900000, 0x0000000100000000)
  eden space 93696K, 0% used [0x00000000d5580000,0x00000000d5580000,0x00000000db100000)
  from space 10240K, 99% used [0x00000000dcf00000,0x00000000dd8f7148,0x00000000dd900000)
  to   space 12800K, 0% used [0x00000000dc000000,0x00000000dc000000,0x00000000dcc80000)
 ParOldGen       total 88576K, used 15248K [0x0000000080000000, 0x0000000085680000, 0x00000000d5580000)
  object space 88576K, 17% used [0x0000000080000000,0x0000000080ee4188,0x0000000085680000)
 Metaspace       used 40860K, capacity 42276K, committed 42536K, reserved 1085440K
  class space    used 5577K, capacity 5906K, committed 5936K, reserved 1048576K
}
Event: 16.850 GC heap before
{Heap before GC invocations=15 (full 2):
 PSYoungGen      total 103936K, used 103900K [0x00000000d5580000, 0x00000000dd900000, 0x0000000100000000)
  eden space 93696K, 100% used [0x00000000d5580000,0x00000000db100000,0x00000000db100000)
  from space 10240K, 99% used [0x00000000dcf00000,0x00000000dd8f7148,0x00000000dd900000)
  to   space 12800K, 0% used [0x00000000dc000000,0x00000000dc000000,0x00000000dcc80000)
 ParOldGen       total 88576K, used 15248K [0x0000000080000000, 0x0000000085680000, 0x00000000d5580000)
  object space 88576K, 17% used [0x0000000080000000,0x0000000080ee4188,0x0000000085680000)
 Metaspace       used 49459K, capacity 51128K, committed 51368K, reserved 1093632K
  class space    used 6618K, capacity 7053K, committed 7088K, reserved 1048576K
Event: 16.864 GC heap after
Heap after GC invocations=15 (full 2):
 PSYoungGen      total 121856K, used 12792K [0x00000000d5580000, 0x00000000de300000, 0x0000000100000000)
  eden space 109056K, 0% used [0x00000000d5580000,0x00000000d5580000,0x00000000dc000000)
  from space 12800K, 99% used [0x00000000dc000000,0x00000000dcc7e1f0,0x00000000dcc80000)
  to   space 16384K, 0% used [0x00000000dd300000,0x00000000dd300000,0x00000000de300000)
 ParOldGen       total 88576K, used 20420K [0x0000000080000000, 0x0000000085680000, 0x00000000d5580000)
  object space 88576K, 23% used [0x0000000080000000,0x00000000813f13c0,0x0000000085680000)
 Metaspace       used 49459K, capacity 51128K, committed 51368K, reserved 1093632K
  class space    used 6618K, capacity 7053K, committed 7088K, reserved 1048576K
}
Event: 19.069 GC heap before
{Heap before GC invocations=16 (full 2):
 PSYoungGen      total 121856K, used 112870K [0x00000000d5580000, 0x00000000de300000, 0x0000000100000000)
  eden space 109056K, 91% used [0x00000000d5580000,0x00000000db73b700,0x00000000dc000000)
  from space 12800K, 99% used [0x00000000dc000000,0x00000000dcc7e1f0,0x00000000dcc80000)
  to   space 16384K, 0% used [0x00000000dd300000,0x00000000dd300000,0x00000000de300000)
 ParOldGen       total 88576K, used 20420K [0x0000000080000000, 0x0000000085680000, 0x00000000d5580000)
  object space 88576K, 23% used [0x0000000080000000,0x00000000813f13c0,0x0000000085680000)
 Metaspace       used 57042K, capacity 59050K, committed 59160K, reserved 1099776K
  class space    used 7830K, capacity 8290K, committed 8368K, reserved 1048576K
Event: 19.087 GC heap after
Heap after GC invocations=16 (full 2):
 PSYoungGen      total 125440K, used 10732K [0x00000000d5580000, 0x00000000de300000, 0x0000000100000000)
  eden space 109056K, 0% used [0x00000000d5580000,0x00000000d5580000,0x00000000dc000000)
  from space 16384K, 65% used [0x00000000dd300000,0x00000000ddd7b2e8,0x00000000de300000)
  to   space 12800K, 0% used [0x00000000dc000000,0x00000000dc000000,0x00000000dcc80000)
 ParOldGen       total 88576K, used 32664K [0x0000000080000000, 0x0000000085680000, 0x00000000d5580000)
  object space 88576K, 36% used [0x0000000080000000,0x0000000081fe6140,0x0000000085680000)
 Metaspace       used 57042K, capacity 59050K, committed 59160K, reserved 1099776K
  class space    used 7830K, capacity 8290K, committed 8368K, reserved 1048576K
}
Event: 19.087 GC heap before
{Heap before GC invocations=17 (full 3):
 PSYoungGen      total 125440K, used 10732K [0x00000000d5580000, 0x00000000de300000, 0x0000000100000000)
  eden space 109056K, 0% used [0x00000000d5580000,0x00000000d5580000,0x00000000dc000000)
  from space 16384K, 65% used [0x00000000dd300000,0x00000000ddd7b2e8,0x00000000de300000)
  to   space 12800K, 0% used [0x00000000dc000000,0x00000000dc000000,0x00000000dcc80000)
 ParOldGen       total 88576K, used 32664K [0x0000000080000000, 0x0000000085680000, 0x00000000d5580000)
  object space 88576K, 36% used [0x0000000080000000,0x0000000081fe6140,0x0000000085680000)
 Metaspace       used 57042K, capacity 59050K, committed 59160K, reserved 1099776K
  class space    used 7830K, capacity 8290K, committed 8368K, reserved 1048576K
Event: 19.301 GC heap after
Heap after GC invocations=17 (full 3):
 PSYoungGen      total 125440K, used 0K [0x00000000d5580000, 0x00000000de300000, 0x0000000100000000)
  eden space 109056K, 0% used [0x00000000d5580000,0x00000000d5580000,0x00000000dc000000)
  from space 16384K, 0% used [0x00000000dd300000,0x00000000dd300000,0x00000000de300000)
  to   space 12800K, 0% used [0x00000000dc000000,0x00000000dc000000,0x00000000dcc80000)
 ParOldGen       total 88576K, used 35097K [0x0000000080000000, 0x0000000085680000, 0x00000000d5580000)
  object space 88576K, 39% used [0x0000000080000000,0x00000000822466c0,0x0000000085680000)
 Metaspace       used 57004K, capacity 58918K, committed 59160K, reserved 1099776K
  class space    used 7818K, capacity 8268K, committed 8368K, reserved 1048576K
}
Event: 25.555 GC heap before
{Heap before GC invocations=18 (full 3):
 PSYoungGen      total 125440K, used 109056K [0x00000000d5580000, 0x00000000de300000, 0x0000000100000000)
  eden space 109056K, 100% used [0x00000000d5580000,0x00000000dc000000,0x00000000dc000000)
  from space 16384K, 0% used [0x00000000dd300000,0x00000000dd300000,0x00000000de300000)
  to   space 12800K, 0% used [0x00000000dc000000,0x00000000dc000000,0x00000000dcc80000)
 ParOldGen       total 88576K, used 35097K [0x0000000080000000, 0x0000000085680000, 0x00000000d5580000)
  object space 88576K, 39% used [0x0000000080000000,0x00000000822466c0,0x0000000085680000)
 Metaspace       used 63769K, capacity 66854K, committed 67112K, reserved 1107968K
  class space    used 8833K, capacity 9452K, committed 9520K, reserved 1048576K
Event: 25.570 GC heap after
Heap after GC invocations=18 (full 3):
 PSYoungGen      total 121856K, used 12792K [0x00000000d5580000, 0x00000000df500000, 0x0000000100000000)
  eden space 109056K, 0% used [0x00000000d5580000,0x00000000d5580000,0x00000000dc000000)
  from space 12800K, 99% used [0x00000000dc000000,0x00000000dcc7e3e0,0x00000000dcc80000)
  to   space 18432K, 0% used [0x00000000de300000,0x00000000de300000,0x00000000df500000)
 ParOldGen       total 88576K, used 36288K [0x0000000080000000, 0x0000000085680000, 0x00000000d5580000)
  object space 88576K, 40% used [0x0000000080000000,0x0000000082370258,0x0000000085680000)
 Metaspace       used 63769K, capacity 66854K, committed 67112K, reserved 1107968K
  class space    used 8833K, capacity 9452K, committed 9520K, reserved 1048576K
}

