# JRE version: OpenJDK Runtime Environment (8.0_242-b01) (build 1.8.0_242-release-1644-b01)
# Java VM: OpenJDK 64-Bit Server VM (25.242-b01 mixed mode windows-amd64 compressed oops)
Heap:
 PSYoungGen      total 198656K, used 160579K [0x00000000d5580000, 0x00000000e2a00000, 0x0000000100000000)
  eden space 185856K, 79% used [0x00000000d5580000,0x00000000de5d1d98,0x00000000e0b00000)
  from space 12800K, 99% used [0x00000000e1c80000,0x00000000e28ff058,0x00000000e2900000)
  to   space 15872K, 0% used [0x00000000e0b00000,0x00000000e0b00000,0x00000000e1a80000)
 ParOldGen       total 61952K, used 18888K [0x0000000080000000, 0x0000000083c80000, 0x00000000d5580000)
  object space 61952K, 30% used [0x0000000080000000,0x00000000812721f8,0x0000000083c80000)
 Metaspace       used 56870K, capacity 58822K, committed 59056K, reserved 1099776K
  class space    used 7800K, capacity 8250K, committed 8368K, reserved 1048576K
GC Heap History (10 events):
Event: 30.542 GC heap before
{Heap before GC invocations=8 (full 1):
 PSYoungGen      total 77824K, used 65013K [0x00000000d5580000, 0x00000000deb80000, 0x0000000100000000)
  eden space 65024K, 99% used [0x00000000d5580000,0x00000000d94fd478,0x00000000d9500000)
  from space 12800K, 0% used [0x00000000da100000,0x00000000da100000,0x00000000dad80000)
  to   space 12288K, 0% used [0x00000000d9500000,0x00000000d9500000,0x00000000da100000)
 ParOldGen       total 49152K, used 7238K [0x0000000080000000, 0x0000000083000000, 0x00000000d5580000)
  object space 49152K, 14% used [0x0000000080000000,0x0000000080711b78,0x0000000083000000)
 Metaspace       used 28245K, capacity 28976K, committed 29232K, reserved 1075200K
  class space    used 3895K, capacity 4127K, committed 4144K, reserved 1048576K
Event: 30.547 GC heap after
Heap after GC invocations=8 (full 1):
 PSYoungGen      total 77312K, used 8708K [0x00000000d5580000, 0x00000000de800000, 0x0000000100000000)
  eden space 65024K, 0% used [0x00000000d5580000,0x00000000d5580000,0x00000000d9500000)
  from space 12288K, 70% used [0x00000000d9500000,0x00000000d9d81198,0x00000000da100000)
  to   space 12288K, 0% used [0x00000000ddc00000,0x00000000ddc00000,0x00000000de800000)
 ParOldGen       total 49152K, used 7246K [0x0000000080000000, 0x0000000083000000, 0x00000000d5580000)
  object space 49152K, 14% used [0x0000000080000000,0x0000000080713b78,0x0000000083000000)
 Metaspace       used 28245K, capacity 28976K, committed 29232K, reserved 1075200K
  class space    used 3895K, capacity 4127K, committed 4144K, reserved 1048576K
}
Event: 31.238 GC heap before
{Heap before GC invocations=9 (full 1):
 PSYoungGen      total 77312K, used 73732K [0x00000000d5580000, 0x00000000de800000, 0x0000000100000000)
  eden space 65024K, 100% used [0x00000000d5580000,0x00000000d9500000,0x00000000d9500000)
  from space 12288K, 70% used [0x00000000d9500000,0x00000000d9d81198,0x00000000da100000)
  to   space 12288K, 0% used [0x00000000ddc00000,0x00000000ddc00000,0x00000000de800000)
 ParOldGen       total 49152K, used 7246K [0x0000000080000000, 0x0000000083000000, 0x00000000d5580000)
  object space 49152K, 14% used [0x0000000080000000,0x0000000080713b78,0x0000000083000000)
 Metaspace       used 32342K, capacity 33116K, committed 33456K, reserved 1077248K
  class space    used 4415K, capacity 4673K, committed 4784K, reserved 1048576K
Event: 31.247 GC heap after
Heap after GC invocations=9 (full 1):
 PSYoungGen      total 136704K, used 8658K [0x00000000d5580000, 0x00000000de800000, 0x0000000100000000)
  eden space 124416K, 0% used [0x00000000d5580000,0x00000000d5580000,0x00000000dcf00000)
  from space 12288K, 70% used [0x00000000ddc00000,0x00000000de474ab0,0x00000000de800000)
  to   space 12800K, 0% used [0x00000000dcf00000,0x00000000dcf00000,0x00000000ddb80000)
 ParOldGen       total 49152K, used 7254K [0x0000000080000000, 0x0000000083000000, 0x00000000d5580000)
  object space 49152K, 14% used [0x0000000080000000,0x0000000080715b78,0x0000000083000000)
 Metaspace       used 32342K, capacity 33116K, committed 33456K, reserved 1077248K
  class space    used 4415K, capacity 4673K, committed 4784K, reserved 1048576K
}
Event: 32.234 GC heap before
{Heap before GC invocations=10 (full 1):
 PSYoungGen      total 136704K, used 55234K [0x00000000d5580000, 0x00000000de800000, 0x0000000100000000)
  eden space 124416K, 37% used [0x00000000d5580000,0x00000000d82fbdd8,0x00000000dcf00000)
  from space 12288K, 70% used [0x00000000ddc00000,0x00000000de474ab0,0x00000000de800000)
  to   space 12800K, 0% used [0x00000000dcf00000,0x00000000dcf00000,0x00000000ddb80000)
 ParOldGen       total 49152K, used 7254K [0x0000000080000000, 0x0000000083000000, 0x00000000d5580000)
  object space 49152K, 14% used [0x0000000080000000,0x0000000080715b78,0x0000000083000000)
 Metaspace       used 34568K, capacity 35426K, committed 35496K, reserved 1079296K
  class space    used 4744K, capacity 5002K, committed 5040K, reserved 1048576K
Event: 32.241 GC heap after
Heap after GC invocations=10 (full 1):
 PSYoungGen      total 137216K, used 8738K [0x00000000d5580000, 0x00000000e2900000, 0x0000000100000000)
  eden space 124416K, 0% used [0x00000000d5580000,0x00000000d5580000,0x00000000dcf00000)
  from space 12800K, 68% used [0x00000000dcf00000,0x00000000dd788b88,0x00000000ddb80000)
  to   space 12800K, 0% used [0x00000000e1c80000,0x00000000e1c80000,0x00000000e2900000)
 ParOldGen       total 49152K, used 7262K [0x0000000080000000, 0x0000000083000000, 0x00000000d5580000)
  object space 49152K, 14% used [0x0000000080000000,0x0000000080717b78,0x0000000083000000)
 Metaspace       used 34568K, capacity 35426K, committed 35496K, reserved 1079296K
  class space    used 4744K, capacity 5002K, committed 5040K, reserved 1048576K
}
Event: 32.241 GC heap before
{Heap before GC invocations=11 (full 2):
 PSYoungGen      total 137216K, used 8738K [0x00000000d5580000, 0x00000000e2900000, 0x0000000100000000)
  eden space 124416K, 0% used [0x00000000d5580000,0x00000000d5580000,0x00000000dcf00000)
  from space 12800K, 68% used [0x00000000dcf00000,0x00000000dd788b88,0x00000000ddb80000)
  to   space 12800K, 0% used [0x00000000e1c80000,0x00000000e1c80000,0x00000000e2900000)
 ParOldGen       total 49152K, used 7262K [0x0000000080000000, 0x0000000083000000, 0x00000000d5580000)
  object space 49152K, 14% used [0x0000000080000000,0x0000000080717b78,0x0000000083000000)
 Metaspace       used 34568K, capacity 35426K, committed 35496K, reserved 1079296K
  class space    used 4744K, capacity 5002K, committed 5040K, reserved 1048576K
Event: 32.298 GC heap after
Heap after GC invocations=11 (full 2):
 PSYoungGen      total 137216K, used 0K [0x00000000d5580000, 0x00000000e2900000, 0x0000000100000000)
  eden space 124416K, 0% used [0x00000000d5580000,0x00000000d5580000,0x00000000dcf00000)
  from space 12800K, 0% used [0x00000000dcf00000,0x00000000dcf00000,0x00000000ddb80000)
  to   space 12800K, 0% used [0x00000000e1c80000,0x00000000e1c80000,0x00000000e2900000)
 ParOldGen       total 61952K, used 15349K [0x0000000080000000, 0x0000000083c80000, 0x00000000d5580000)
  object space 61952K, 24% used [0x0000000080000000,0x0000000080efd458,0x0000000083c80000)
 Metaspace       used 34568K, capacity 35426K, committed 35496K, reserved 1079296K
  class space    used 4744K, capacity 5002K, committed 5040K, reserved 1048576K
}
Event: 38.939 GC heap before
{Heap before GC invocations=12 (full 2):
 PSYoungGen      total 137216K, used 124416K [0x00000000d5580000, 0x00000000e2900000, 0x0000000100000000)
  eden space 124416K, 100% used [0x00000000d5580000,0x00000000dcf00000,0x00000000dcf00000)
  from space 12800K, 0% used [0x00000000dcf00000,0x00000000dcf00000,0x00000000ddb80000)
  to   space 12800K, 0% used [0x00000000e1c80000,0x00000000e1c80000,0x00000000e2900000)
 ParOldGen       total 61952K, used 15349K [0x0000000080000000, 0x0000000083c80000, 0x00000000d5580000)
  object space 61952K, 24% used [0x0000000080000000,0x0000000080efd458,0x0000000083c80000)
 Metaspace       used 44749K, capacity 46206K, committed 46384K, reserved 1089536K
  class space    used 6059K, capacity 6427K, committed 6448K, reserved 1048576K
Event: 38.955 GC heap after
Heap after GC invocations=12 (full 2):
 PSYoungGen      total 198656K, used 12796K [0x00000000d5580000, 0x00000000e2a00000, 0x0000000100000000)
  eden space 185856K, 0% used [0x00000000d5580000,0x00000000d5580000,0x00000000e0b00000)
  from space 12800K, 99% used [0x00000000e1c80000,0x00000000e28ff058,0x00000000e2900000)
  to   space 15872K, 0% used [0x00000000e0b00000,0x00000000e0b00000,0x00000000e1a80000)
 ParOldGen       total 61952K, used 18888K [0x0000000080000000, 0x0000000083c80000, 0x00000000d5580000)
  object space 61952K, 30% used [0x0000000080000000,0x00000000812721f8,0x0000000083c80000)
 Metaspace       used 44749K, capacity 46206K, committed 46384K, reserved 1089536K
  class space    used 6059K, capacity 6427K, committed 6448K, reserved 1048576K
}

