# JRE version: OpenJDK Runtime Environment (8.0_242-b01) (build 1.8.0_242-release-1644-b01)
# Java VM: OpenJDK 64-Bit Server VM (25.242-b01 mixed mode windows-amd64 compressed oops)
Heap:
 PSYoungGen      total 139776K, used 50105K [0x00000000d5580000, 0x00000000e1480000, 0x0000000100000000)
  eden space 128512K, 38% used [0x00000000d5580000,0x00000000d866e428,0x00000000dd300000)
  from space 11264K, 0% used [0x00000000dd300000,0x00000000dd300000,0x00000000dde00000)
  to   space 13312K, 0% used [0x00000000e0780000,0x00000000e0780000,0x00000000e1480000)
 ParOldGen       total 79872K, used 18439K [0x0000000080000000, 0x0000000084e00000, 0x00000000d5580000)
  object space 79872K, 23% used [0x0000000080000000,0x0000000081201e78,0x0000000084e00000)
 Metaspace       used 36573K, capacity 37928K, committed 38184K, reserved 1081344K
  class space    used 5054K, capacity 5381K, committed 5424K, reserved 1048576K
GC Heap History (10 events):
Event: 2.625 GC heap before
{Heap before GC invocations=7 (full 0):
 PSYoungGen      total 75776K, used 14143K [0x00000000d5580000, 0x00000000dac80000, 0x0000000100000000)
  eden space 65536K, 8% used [0x00000000d5580000,0x00000000d5ab45a0,0x00000000d9580000)
  from space 10240K, 86% used [0x00000000da080000,0x00000000da91b9a8,0x00000000daa80000)
  to   space 11264K, 0% used [0x00000000d9580000,0x00000000d9580000,0x00000000da080000)
 ParOldGen       total 87552K, used 6632K [0x0000000080000000, 0x0000000085580000, 0x00000000d5580000)
  object space 87552K, 7% used [0x0000000080000000,0x000000008067a3b8,0x0000000085580000)
 Metaspace       used 20590K, capacity 21228K, committed 21296K, reserved 1067008K
  class space    used 2884K, capacity 3084K, committed 3120K, reserved 1048576K
Event: 2.629 GC heap after
Heap after GC invocations=7 (full 0):
 PSYoungGen      total 76800K, used 4276K [0x00000000d5580000, 0x00000000deb80000, 0x0000000100000000)
  eden space 65536K, 0% used [0x00000000d5580000,0x00000000d5580000,0x00000000d9580000)
  from space 11264K, 37% used [0x00000000d9580000,0x00000000d99ad040,0x00000000da080000)
  to   space 11264K, 0% used [0x00000000de080000,0x00000000de080000,0x00000000deb80000)
 ParOldGen       total 87552K, used 9017K [0x0000000080000000, 0x0000000085580000, 0x00000000d5580000)
  object space 87552K, 10% used [0x0000000080000000,0x00000000808ce428,0x0000000085580000)
 Metaspace       used 20590K, capacity 21228K, committed 21296K, reserved 1067008K
  class space    used 2884K, capacity 3084K, committed 3120K, reserved 1048576K
}
Event: 2.629 GC heap before
{Heap before GC invocations=8 (full 1):
 PSYoungGen      total 76800K, used 4276K [0x00000000d5580000, 0x00000000deb80000, 0x0000000100000000)
  eden space 65536K, 0% used [0x00000000d5580000,0x00000000d5580000,0x00000000d9580000)
  from space 11264K, 37% used [0x00000000d9580000,0x00000000d99ad040,0x00000000da080000)
  to   space 11264K, 0% used [0x00000000de080000,0x00000000de080000,0x00000000deb80000)
 ParOldGen       total 87552K, used 9017K [0x0000000080000000, 0x0000000085580000, 0x00000000d5580000)
  object space 87552K, 10% used [0x0000000080000000,0x00000000808ce428,0x0000000085580000)
 Metaspace       used 20590K, capacity 21228K, committed 21296K, reserved 1067008K
  class space    used 2884K, capacity 3084K, committed 3120K, reserved 1048576K
Event: 2.655 GC heap after
Heap after GC invocations=8 (full 1):
 PSYoungGen      total 76800K, used 0K [0x00000000d5580000, 0x00000000deb80000, 0x0000000100000000)
  eden space 65536K, 0% used [0x00000000d5580000,0x00000000d5580000,0x00000000d9580000)
  from space 11264K, 0% used [0x00000000d9580000,0x00000000d9580000,0x00000000da080000)
  to   space 11264K, 0% used [0x00000000de080000,0x00000000de080000,0x00000000deb80000)
 ParOldGen       total 51712K, used 7661K [0x0000000080000000, 0x0000000083280000, 0x00000000d5580000)
  object space 51712K, 14% used [0x0000000080000000,0x000000008077b728,0x0000000083280000)
 Metaspace       used 20590K, capacity 21228K, committed 21296K, reserved 1067008K
  class space    used 2884K, capacity 3084K, committed 3120K, reserved 1048576K
}
Event: 4.325 GC heap before
{Heap before GC invocations=9 (full 1):
 PSYoungGen      total 76800K, used 65276K [0x00000000d5580000, 0x00000000deb80000, 0x0000000100000000)
  eden space 65536K, 99% used [0x00000000d5580000,0x00000000d953f398,0x00000000d9580000)
  from space 11264K, 0% used [0x00000000d9580000,0x00000000d9580000,0x00000000da080000)
  to   space 11264K, 0% used [0x00000000de080000,0x00000000de080000,0x00000000deb80000)
 ParOldGen       total 51712K, used 7661K [0x0000000080000000, 0x0000000083280000, 0x00000000d5580000)
  object space 51712K, 14% used [0x0000000080000000,0x000000008077b728,0x0000000083280000)
 Metaspace       used 28223K, capacity 28980K, committed 29232K, reserved 1075200K
  class space    used 3895K, capacity 4127K, committed 4144K, reserved 1048576K
Event: 4.333 GC heap after
Heap after GC invocations=9 (full 1):
 PSYoungGen      total 125440K, used 8415K [0x00000000d5580000, 0x00000000de900000, 0x0000000100000000)
  eden space 116736K, 0% used [0x00000000d5580000,0x00000000d5580000,0x00000000dc780000)
  from space 8704K, 96% used [0x00000000de080000,0x00000000de8b7de8,0x00000000de900000)
  to   space 11264K, 0% used [0x00000000dd300000,0x00000000dd300000,0x00000000dde00000)
 ParOldGen       total 51712K, used 7669K [0x0000000080000000, 0x0000000083280000, 0x00000000d5580000)
  object space 51712K, 14% used [0x0000000080000000,0x000000008077d728,0x0000000083280000)
 Metaspace       used 28223K, capacity 28980K, committed 29232K, reserved 1075200K
  class space    used 3895K, capacity 4127K, committed 4144K, reserved 1048576K
}
Event: 5.265 GC heap before
{Heap before GC invocations=10 (full 1):
 PSYoungGen      total 125440K, used 123475K [0x00000000d5580000, 0x00000000de900000, 0x0000000100000000)
  eden space 116736K, 98% used [0x00000000d5580000,0x00000000dc5dd130,0x00000000dc780000)
  from space 8704K, 96% used [0x00000000de080000,0x00000000de8b7de8,0x00000000de900000)
  to   space 11264K, 0% used [0x00000000dd300000,0x00000000dd300000,0x00000000dde00000)
 ParOldGen       total 51712K, used 7669K [0x0000000080000000, 0x0000000083280000, 0x00000000d5580000)
  object space 51712K, 14% used [0x0000000080000000,0x000000008077d728,0x0000000083280000)
 Metaspace       used 34599K, capacity 35410K, committed 35496K, reserved 1079296K
  class space    used 4744K, capacity 4972K, committed 5040K, reserved 1048576K
Event: 5.277 GC heap after
Heap after GC invocations=10 (full 1):
 PSYoungGen      total 139776K, used 11253K [0x00000000d5580000, 0x00000000e1480000, 0x0000000100000000)
  eden space 128512K, 0% used [0x00000000d5580000,0x00000000d5580000,0x00000000dd300000)
  from space 11264K, 99% used [0x00000000dd300000,0x00000000dddfd7a8,0x00000000dde00000)
  to   space 13312K, 0% used [0x00000000e0780000,0x00000000e0780000,0x00000000e1480000)
 ParOldGen       total 51712K, used 8368K [0x0000000080000000, 0x0000000083280000, 0x00000000d5580000)
  object space 51712K, 16% used [0x0000000080000000,0x000000008082c2c8,0x0000000083280000)
 Metaspace       used 34599K, capacity 35410K, committed 35496K, reserved 1079296K
  class space    used 4744K, capacity 4972K, committed 5040K, reserved 1048576K
}
Event: 5.277 GC heap before
{Heap before GC invocations=11 (full 2):
 PSYoungGen      total 139776K, used 11253K [0x00000000d5580000, 0x00000000e1480000, 0x0000000100000000)
  eden space 128512K, 0% used [0x00000000d5580000,0x00000000d5580000,0x00000000dd300000)
  from space 11264K, 99% used [0x00000000dd300000,0x00000000dddfd7a8,0x00000000dde00000)
  to   space 13312K, 0% used [0x00000000e0780000,0x00000000e0780000,0x00000000e1480000)
 ParOldGen       total 51712K, used 8368K [0x0000000080000000, 0x0000000083280000, 0x00000000d5580000)
  object space 51712K, 16% used [0x0000000080000000,0x000000008082c2c8,0x0000000083280000)
 Metaspace       used 34599K, capacity 35410K, committed 35496K, reserved 1079296K
  class space    used 4744K, capacity 4972K, committed 5040K, reserved 1048576K
Event: 5.370 GC heap after
Heap after GC invocations=11 (full 2):
 PSYoungGen      total 139776K, used 0K [0x00000000d5580000, 0x00000000e1480000, 0x0000000100000000)
  eden space 128512K, 0% used [0x00000000d5580000,0x00000000d5580000,0x00000000dd300000)
  from space 11264K, 0% used [0x00000000dd300000,0x00000000dd300000,0x00000000dde00000)
  to   space 13312K, 0% used [0x00000000e0780000,0x00000000e0780000,0x00000000e1480000)
 ParOldGen       total 79872K, used 18439K [0x0000000080000000, 0x0000000084e00000, 0x00000000d5580000)
  object space 79872K, 23% used [0x0000000080000000,0x0000000081201e78,0x0000000084e00000)
 Metaspace       used 34599K, capacity 35410K, committed 35496K, reserved 1079296K
  class space    used 4744K, capacity 4972K, committed 5040K, reserved 1048576K
}

